<?xml version="1.0" encoding="UTF-8"?>
<!-- Generated by org.testng.reporters.JUnitReportReporter -->
<testsuite hostname="DESKTOP-AJJIU8L" failures="0" tests="1" name="KiteTest.UserIdValidation" time="16.641" errors="0" timestamp="2022-07-06T21:50:45 IST" skipped="0">
  <testcase classname="KiteTest.UserIdValidation" name="ValidationOfUserId" time="16.641"/>
  <system-out/>
</testsuite> <!-- KiteTest.UserIdValidation -->
