<?xml version="1.0" encoding="UTF-8"?>
<!-- Generated by org.testng.reporters.JUnitReportReporter -->
<testsuite hostname="DESKTOP-AJJIU8L" failures="0" tests="1" name="TestNGStudy1.ValidateKiteAppUserName" time="13.575" errors="0" timestamp="2022-07-06T22:12:26 IST" skipped="0">
  <testcase classname="TestNGStudy1.ValidateKiteAppUserName" name="ValidateUserName" time="13.575"/>
  <system-out/>
</testsuite> <!-- TestNGStudy1.ValidateKiteAppUserName -->
