<?xml version="1.0" encoding="UTF-8"?>
<!-- Generated by org.testng.reporters.JUnitReportReporter -->
<testsuite hostname="DESKTOP-AJJIU8L" failures="0" tests="1" name="TestNGStudy.Example1TestNG" time="28.098" errors="0" timestamp="2022-06-22T13:53:51 IST" skipped="0">
  <testcase classname="TestNGStudy.Example1TestNG" name="FaceBookLogIn" time="28.098"/>
  <system-out/>
</testsuite> <!-- TestNGStudy.Example1TestNG -->
