<?xml version="1.0" encoding="UTF-8"?>
<!-- Generated by org.testng.reporters.JUnitReportReporter -->
<testsuite hostname="DESKTOP-AJJIU8L" failures="0" tests="2" name="TestNGStudy.AnnotationStudy" time="0.014" errors="0" timestamp="2022-06-22T22:46:39 IST" skipped="0">
  <testcase classname="TestNGStudy.AnnotationStudy" name="validateUserID" time="0.004"/>
  <system-out>
    <![CDATA[User ID Validated]]>
  </system-out>
  <testcase classname="TestNGStudy.AnnotationStudy" name="validateDashBoard" time="0.010"/>
  <system-out>
    <![CDATA[DashBoard Validated]]>
  </system-out>
</testsuite> <!-- TestNGStudy.AnnotationStudy -->
