<?xml version="1.0" encoding="UTF-8"?>
<!-- Generated by org.testng.reporters.JUnitReportReporter -->
<testsuite hostname="DESKTOP-AJJIU8L" failures="0" tests="3" name="TestNGKeywords.PriorityUse" time="0.052" errors="0" timestamp="2022-07-03T21:45:57 IST" skipped="0">
  <testcase classname="TestNGKeywords.PriorityUse" name="d" time="0.043"/>
  <system-out>
    <![CDATA[d is Running]]>
  </system-out>
  <testcase classname="TestNGKeywords.PriorityUse" name="v" time="0.004"/>
  <system-out>
    <![CDATA[v is Running]]>
  </system-out>
  <testcase classname="TestNGKeywords.PriorityUse" name="a" time="0.005"/>
  <system-out>
    <![CDATA[a is Running]]>
  </system-out>
</testsuite> <!-- TestNGKeywords.PriorityUse -->
