<?xml version="1.0" encoding="UTF-8"?>
<!-- Generated by org.testng.reporters.JUnitReportReporter -->
<testsuite hostname="DESKTOP-AJJIU8L" failures="0" tests="3" name="TestNGKeywords.EnableUse" time="0.015" errors="0" timestamp="2022-06-23T12:46:16 IST" skipped="1">
  <testcase classname="TestNGKeywords.EnableUse" name="a" time="0.013"/>
  <system-out>
    <![CDATA[a is Running]]>
  </system-out>
  <testcase classname="TestNGKeywords.EnableUse" name="d" time="0.002"/>
  <system-out>
    <![CDATA[d is Running]]>
  </system-out>
  <testcase classname="TestNGKeywords.EnableUse" name="v">
    <skipped/>
  </testcase> <!-- v -->
  <system-out/>
</testsuite> <!-- TestNGKeywords.EnableUse -->
