<?xml version="1.0" encoding="UTF-8"?>
<!-- Generated by org.testng.reporters.JUnitReportReporter -->
<testsuite hostname="DESKTOP-AJJIU8L" failures="0" tests="7" name="TestNGKeywords.HardAssertStudy" time="0.017" errors="0" timestamp="2022-07-01T14:50:14 IST" skipped="6">
  <testcase classname="TestNGKeywords.HardAssertStudy" name="TC7" time="0.017"/>
  <system-out>
    <![CDATA[Assert fail check
TC7 is running]]>
  </system-out>
  <testcase classname="TestNGKeywords.HardAssertStudy" name="TC1">
    <skipped/>
  </testcase> <!-- TC1 -->
  <system-out/>
  <testcase classname="TestNGKeywords.HardAssertStudy" name="TC3">
    <skipped/>
  </testcase> <!-- TC3 -->
  <system-out/>
  <testcase classname="TestNGKeywords.HardAssertStudy" name="TC2">
    <skipped/>
  </testcase> <!-- TC2 -->
  <system-out/>
  <testcase classname="TestNGKeywords.HardAssertStudy" name="TC5">
    <skipped/>
  </testcase> <!-- TC5 -->
  <system-out/>
  <testcase classname="TestNGKeywords.HardAssertStudy" name="TC4">
    <skipped/>
  </testcase> <!-- TC4 -->
  <system-out/>
  <testcase classname="TestNGKeywords.HardAssertStudy" name="TC6">
    <skipped/>
  </testcase> <!-- TC6 -->
  <system-out/>
</testsuite> <!-- TestNGKeywords.HardAssertStudy -->
