<?xml version="1.0" encoding="UTF-8"?>
<!-- Generated by org.testng.reporters.JUnitReportReporter -->
<testsuite hostname="DESKTOP-AJJIU8L" failures="0" tests="1" name="TestNGKeywords.Parallel1" time="25.994" errors="0" timestamp="2022-07-01T14:45:55 IST" skipped="0">
  <testcase classname="TestNGKeywords.Parallel1" name="KiteLogin" time="25.994"/>
  <system-out>
    <![CDATA[KiteLaunched]]>
  </system-out>
</testsuite> <!-- TestNGKeywords.Parallel1 -->
