<?xml version="1.0" encoding="UTF-8"?>
<!-- Generated by org.testng.reporters.JUnitReportReporter -->
<testsuite hostname="DESKTOP-AJJIU8L" failures="0" tests="3" name="TestNGKeywords.GroupsEg2" time="0.006" errors="0" timestamp="2022-06-30T18:33:19 IST" skipped="0">
  <testcase classname="TestNGKeywords.GroupsEg2" name="TC10" time="0.003"/>
  <system-out>
    <![CDATA[TC10 Running]]>
  </system-out>
  <testcase classname="TestNGKeywords.GroupsEg2" name="TC8" time="0.001"/>
  <system-out>
    <![CDATA[TC8 regression Running]]>
  </system-out>
  <testcase classname="TestNGKeywords.GroupsEg2" name="TC6" time="0.002"/>
  <system-out>
    <![CDATA[TC6 regression Running]]>
  </system-out>
</testsuite> <!-- TestNGKeywords.GroupsEg2 -->
