<?xml version="1.0" encoding="UTF-8"?>
<!-- Generated by org.testng.reporters.JUnitReportReporter -->
<testsuite hostname="DESKTOP-AJJIU8L" failures="0" tests="1" name="TestNGKeywords.InvocationCountUse" time="0.002" errors="0" timestamp="2022-06-23T12:46:16 IST" skipped="0">
  <testcase classname="TestNGKeywords.InvocationCountUse" name="myTest" time="0.002"/>
  <system-out>
    <![CDATA[SurajDada]]>
  </system-out>
</testsuite> <!-- TestNGKeywords.InvocationCountUse -->
