<?xml version="1.0" encoding="UTF-8"?>
<!-- Generated by org.testng.reporters.JUnitReportReporter -->
<testsuite hostname="DESKTOP-AJJIU8L" failures="0" tests="3" name="TestNGKeywords.MyTestClass" time="0.010" errors="0" timestamp="2022-06-23T12:46:16 IST" skipped="0">
  <testcase classname="TestNGKeywords.MyTestClass" name="v" time="0.002"/>
  <system-out>
    <![CDATA[v is Running]]>
  </system-out>
  <testcase classname="TestNGKeywords.MyTestClass" name="a" time="0.003"/>
  <system-out>
    <![CDATA[a is Running]]>
  </system-out>
  <testcase classname="TestNGKeywords.MyTestClass" name="d" time="0.005"/>
  <system-out>
    <![CDATA[d is Running]]>
  </system-out>
</testsuite> <!-- TestNGKeywords.MyTestClass -->
