<?xml version="1.0" encoding="UTF-8"?>
<!-- Generated by org.testng.reporters.JUnitReportReporter -->
<testsuite hostname="DESKTOP-AJJIU8L" failures="0" tests="1" name="CrossBrowserstudy.NewTest" time="35.317" errors="0" timestamp="2022-07-01T15:18:39 IST" skipped="0">
  <testcase classname="CrossBrowserstudy.NewTest" name="mymethod" time="35.317"/>
  <system-out/>
</testsuite> <!-- CrossBrowserstudy.NewTest -->
