<?xml version="1.0" encoding="UTF-8"?>
<!-- Generated by org.testng.reporters.JUnitReportReporter -->
<testsuite hostname="DESKTOP-AJJIU8L" failures="0" tests="3" name="TestNGKeywords.GroupsEg1" time="0.017" errors="0" timestamp="2022-06-30T18:33:19 IST" skipped="0">
  <testcase classname="TestNGKeywords.GroupsEg1" name="TC1" time="0.012"/>
  <system-out>
    <![CDATA[TC1 regression Running]]>
  </system-out>
  <testcase classname="TestNGKeywords.GroupsEg1" name="TC5" time="0.003"/>
  <system-out>
    <![CDATA[TC5 Running]]>
  </system-out>
  <testcase classname="TestNGKeywords.GroupsEg1" name="TC3" time="0.002"/>
  <system-out>
    <![CDATA[TC3 regression Running]]>
  </system-out>
</testsuite> <!-- TestNGKeywords.GroupsEg1 -->
